<?xml version="1.0" encoding="UTF-8"?>
<testsuite xmlns:xsi="http://www.w3.org/2001/XMLSchema-instance" xsi:noNamespaceSchemaLocation="https://maven.apache.org/surefire/maven-surefire-plugin/xsd/surefire-test-report.xsd" version="3.0.2" name="org.dynamislocalization.format.ParameterSubstitutorTest" time="0.012" tests="8" errors="0" skipped="0" failures="0">
  <properties>
[...]
</properties>
  <testcase name="templateWithNoTokensUnchanged" classname="org.dynamislocalization.format.ParameterSubstitutorTest" time="0.001"/>
  <testcase name="emptyParamsReturnsTemplateUnchanged" classname="org.dynamislocalization.format.ParameterSubstitutorTest" time="0.001"/>
  <testcase name="multipleTokensAllReplaced" classname="org.dynamislocalization.format.ParameterSubstitutorTest" time="0.0"/>
  <testcase name="simpleTokenReplaced" classname="org.dynamislocalization.format.ParameterSubstitutorTest" time="0.001"/>
  <testcase name="currencyTokenReplaced" classname="org.dynamislocalization.format.ParameterSubstitutorTest" time="0.008"/>
  <testcase name="unknownParamRetained" classname="org.dynamislocalization.format.ParameterSubstitutorTest" time="0.0"/>
  <testcase name="nullTemplateReturnsEmptyString" classname="org.dynamislocalization.format.ParameterSubstitutorTest" time="0.001"/>
  <testcase name="formattedNumberTokenReplaced" classname="org.dynamislocalization.format.ParameterSubstitutorTest" time="0.0"/>
</testsuite>